<?xml version="1.0" encoding="UTF-8"?>
<!-- Generated by org.testng.reporters.JUnitReportReporter -->
<testsuite hostname="mac" failures="0" tests="1" name="tests.AmazonTest" time="1.586" errors="0" timestamp="2023-07-04T06:55:47 IST" skipped="0">
  <testcase classname="tests.AmazonTest" name="textBox1" time="1.586"/>
  <system-out/>
</testsuite> <!-- tests.AmazonTest -->
